生成启动时间为 2019/8/20 21:58:56。
     1>项目“E:\比特51c语言\比特c初级\bite8_11，三子棋\bite8_11\bite8_11.vcxproj”在节点 2 上(Build 个目标)。
     1>ClCompile:
         D:\visual studio 2012\VC\bin\CL.exe /c /ZI /nologo /W3 /WX- /Od /Oy- /D WIN32 /D _DEBUG /D _CONSOLE /D _UNICODE /D UNICODE /Gm /EHsc /RTC1 /MDd /GS /fp:precise /Zc:wchar_t /Zc:forScope /Fo"Debug\\" /Fd"Debug\vc110.pdb" /Gd /TP /analyze- /errorReport:prompt "8-19.cpp" WUZIQI.cpp WUZIQI.test.cpp
         WUZIQI.test.cpp
     1>e:\比特51c语言\比特c初级\bite8_11，三子棋\bite8_11\wuziqi.test.cpp(44): warning C4996: 'scanf': This function or variable may be unsafe. Consider using scanf_s instead. To disable deprecation, use _CRT_SECURE_NO_WARNINGS. See online help for details.
                 d:\visual studio 2012\vc\include\stdio.h(290) : 参见“scanf”的声明
         WUZIQI.cpp
     1>e:\比特51c语言\比特c初级\bite8_11，三子棋\bite8_11\wuziqi.cpp(52): warning C4996: 'scanf': This function or variable may be unsafe. Consider using scanf_s instead. To disable deprecation, use _CRT_SECURE_NO_WARNINGS. See online help for details.
                 d:\visual studio 2012\vc\include\stdio.h(290) : 参见“scanf”的声明
         8-19.cpp
         正在生成代码...
         D:\visual studio 2012\VC\bin\CL.exe /c /ZI /nologo /W3 /WX- /Od /Oy- /D WIN32 /D _DEBUG /D _CONSOLE /D _UNICODE /D UNICODE /Gm /EHsc /RTC1 /MDd /GS /fp:precise /Zc:wchar_t /Zc:forScope /Fo"Debug\\" /Fd"Debug\vc110.pdb" /Gd /TC /analyze- /errorReport:prompt bite8_11.c
         bite8_11.c
       Link:
         D:\visual studio 2012\VC\bin\link.exe /ERRORREPORT:PROMPT /OUT:"E:\比特51c语言\比特c初级\bite8_11，三子棋\Debug\bite8_11.exe" /INCREMENTAL /NOLOGO kernel32.lib user32.lib gdi32.lib winspool.lib comdlg32.lib advapi32.lib shell32.lib ole32.lib oleaut32.lib uuid.lib odbc32.lib odbccp32.lib /MANIFEST /MANIFESTUAC:"level='asInvoker' uiAccess='false'" /manifest:embed /DEBUG /PDB:"E:\比特51c语言\比特c初级\bite8_11，三子棋\Debug\bite8_11.pdb" /SUBSYSTEM:CONSOLE /TLBID:1 /DYNAMICBASE /NXCOMPAT /IMPLIB:"E:\比特51c语言\比特c初级\bite8_11，三子棋\Debug\bite8_11.lib" /MACHINE:X86 "Debug\8-19.obj"
         Debug\bite8_11.obj
         Debug\WUZIQI.obj
         Debug\WUZIQI.test.obj
         bite8_11.vcxproj -> E:\比特51c语言\比特c初级\bite8_11，三子棋\Debug\bite8_11.exe
     1>已完成生成项目“E:\比特51c语言\比特c初级\bite8_11，三子棋\bite8_11\bite8_11.vcxproj”(Build 个目标)的操作。

生成成功。

已用时间 00:00:01.81
